<?xml version="1.0" encoding="UTF-8"?>
<robot generator="Robot 5.0.1 (Python 3.10.7 on win32)" generated="20221010 11:42:36.631" rpa="false" schemaversion="3">
<suite id="s1" name="testDemo2" source="C:\Users\danicola\PycharmProjects\pythonProject2\tests\testDemo2.robot">
<test id="s1-t1" name="Validate Coupon Signup" line="13">
<kw name="open the browser with Keurig url" library="resource" type="SETUP">
<kw name="Create Webdriver" library="SeleniumLibrary">
<arg>Chrome</arg>
<arg>executable_path=C:\\Users\\danicola\\PycharmProjects\\pythonProject2\\chromedriver.exe</arg>
<doc>Creates an instance of Selenium WebDriver.</doc>
<msg timestamp="20221010 11:42:36.792" level="INFO">Creating an instance of the Chrome WebDriver.</msg>
<status status="PASS" starttime="20221010 11:42:36.792" endtime="20221010 11:42:37.987"/>
</kw>
<kw name="Go To" library="SeleniumLibrary">
<arg>${url}</arg>
<doc>Navigates the current browser window to the provided ``url``.</doc>
<msg timestamp="20221010 11:42:37.987" level="INFO">Opening url 'https://www.keurig.com/'</msg>
<status status="PASS" starttime="20221010 11:42:37.987" endtime="20221010 11:42:41.671"/>
</kw>
<status status="PASS" starttime="20221010 11:42:36.792" endtime="20221010 11:42:41.671"/>
</kw>
<kw name="wait until the coupon SignUpCoupon show">
<kw name="Wait Until Element Is Visible" library="SeleniumLibrary">
<arg>${Coupon_Wait}</arg>
<arg>7</arg>
<doc>Waits until the element ``locator`` is visible.</doc>
<status status="PASS" starttime="20221010 11:42:41.672" endtime="20221010 11:42:44.623"/>
</kw>
<status status="PASS" starttime="20221010 11:42:41.671" endtime="20221010 11:42:44.623"/>
</kw>
<kw name="Fill up the coupon SignUpCoupon">
<kw name="Input Text" library="SeleniumLibrary">
<arg>${Coupon_Wait}</arg>
<arg>${username}</arg>
<doc>Types the given ``text`` into the text field identified by ``locator``.</doc>
<msg timestamp="20221010 11:42:44.624" level="INFO">Typing text 'dan.nicolau_ex@kdrp.com' into text field 'css:.emailSignup'.</msg>
<status status="PASS" starttime="20221010 11:42:44.624" endtime="20221010 11:42:44.732"/>
</kw>
<kw name="Click Button" library="SeleniumLibrary">
<arg>id:popup_signupbutton</arg>
<doc>Clicks the button identified by ``locator``.</doc>
<msg timestamp="20221010 11:42:44.733" level="INFO">Clicking button 'id:popup_signupbutton'.</msg>
<status status="PASS" starttime="20221010 11:42:44.732" endtime="20221010 11:42:44.853"/>
</kw>
<status status="PASS" starttime="20221010 11:42:44.624" endtime="20221010 11:42:44.853"/>
</kw>
<kw name="close the Thank You SignUpCoupon">
<kw name="Click Element" library="SeleniumLibrary">
<arg>id:_tealiumModalClose</arg>
<doc>Click the element identified by ``locator``.</doc>
<msg timestamp="20221010 11:42:44.854" level="INFO">Clicking element 'id:_tealiumModalClose'.</msg>
<status status="PASS" starttime="20221010 11:42:44.854" endtime="20221010 11:42:44.962"/>
</kw>
<status status="PASS" starttime="20221010 11:42:44.854" endtime="20221010 11:42:44.963"/>
</kw>
<kw name="Close Browser session" library="resource" type="TEARDOWN">
<kw name="Close Browser" library="SeleniumLibrary">
<doc>Closes the current browser.</doc>
<status status="PASS" starttime="20221010 11:42:44.964" endtime="20221010 11:42:47.106"/>
</kw>
<status status="PASS" starttime="20221010 11:42:44.963" endtime="20221010 11:42:47.106"/>
</kw>
<status status="PASS" starttime="20221010 11:42:36.792" endtime="20221010 11:42:47.106"/>
</test>
<test id="s1-t2" name="Validate Succesful Login" line="18">
<kw name="open the browser with Keurig url" library="resource" type="SETUP">
<kw name="Create Webdriver" library="SeleniumLibrary">
<arg>Chrome</arg>
<arg>executable_path=C:\\Users\\danicola\\PycharmProjects\\pythonProject2\\chromedriver.exe</arg>
<doc>Creates an instance of Selenium WebDriver.</doc>
<msg timestamp="20221010 11:42:47.106" level="INFO">Creating an instance of the Chrome WebDriver.</msg>
<status status="PASS" starttime="20221010 11:42:47.106" endtime="20221010 11:42:48.269"/>
</kw>
<kw name="Go To" library="SeleniumLibrary">
<arg>${url}</arg>
<doc>Navigates the current browser window to the provided ``url``.</doc>
<msg timestamp="20221010 11:42:48.270" level="INFO">Opening url 'https://www.keurig.com/'</msg>
<status status="PASS" starttime="20221010 11:42:48.270" endtime="20221010 11:42:49.454"/>
</kw>
<status status="PASS" starttime="20221010 11:42:47.106" endtime="20221010 11:42:49.454"/>
</kw>
<kw name="Click Account">
<kw name="Click Element" library="SeleniumLibrary">
<arg>class:login</arg>
<doc>Click the element identified by ``locator``.</doc>
<msg timestamp="20221010 11:42:49.455" level="INFO">Clicking element 'class:login'.</msg>
<status status="PASS" starttime="20221010 11:42:49.455" endtime="20221010 11:42:49.510"/>
</kw>
<status status="PASS" starttime="20221010 11:42:49.454" endtime="20221010 11:42:49.510"/>
</kw>
<kw name="Wait Until Element Is located in the page">
<arg>${Succesful_Login}</arg>
<kw name="Wait Until Element Is Visible" library="SeleniumLibrary">
<arg>${element}</arg>
<doc>Waits until the element ``locator`` is visible.</doc>
<status status="PASS" starttime="20221010 11:42:49.510" endtime="20221010 11:42:49.751"/>
</kw>
<status status="PASS" starttime="20221010 11:42:49.510" endtime="20221010 11:42:49.752"/>
</kw>
<kw name="Fill the login Form">
<arg>${username}</arg>
<arg>${valid_password}</arg>
<kw name="Input Text" library="SeleniumLibrary">
<arg>${Succesful_Login}</arg>
<arg>${username}</arg>
<doc>Types the given ``text`` into the text field identified by ``locator``.</doc>
<msg timestamp="20221010 11:42:49.752" level="INFO">Typing text 'dan.nicolau_ex@kdrp.com' into text field 'css:.floating-input'.</msg>
<status status="PASS" starttime="20221010 11:42:49.752" endtime="20221010 11:42:49.995"/>
</kw>
<kw name="Input Password" library="SeleniumLibrary">
<arg>id:L_Password</arg>
<arg>${valid_password}</arg>
<doc>Types the given password into the text field identified by ``locator``.</doc>
<msg timestamp="20221010 11:42:49.996" level="INFO">Typing password into text field 'id:L_Password'.</msg>
<msg timestamp="20221010 11:42:50.287" level="INFO">Temporally setting log level to: NONE</msg>
<msg timestamp="20221010 11:42:50.526" level="INFO">Log level changed from NONE to INFO.</msg>
<status status="PASS" starttime="20221010 11:42:49.995" endtime="20221010 11:42:50.526"/>
</kw>
<kw name="Click Button" library="SeleniumLibrary">
<arg>//button[contains(text(),'SIGN IN')]</arg>
<doc>Clicks the button identified by ``locator``.</doc>
<msg timestamp="20221010 11:42:50.527" level="INFO">Clicking button '//button[contains(text(),'SIGN IN')]'.</msg>
<status status="PASS" starttime="20221010 11:42:50.527" endtime="20221010 11:42:51.257"/>
</kw>
<status status="PASS" starttime="20221010 11:42:49.752" endtime="20221010 11:42:51.257"/>
</kw>
<kw name="Wait Until Element Is located in the page">
<arg>${Error_Message_Login}</arg>
<kw name="Wait Until Element Is Visible" library="SeleniumLibrary">
<arg>${element}</arg>
<doc>Waits until the element ``locator`` is visible.</doc>
<status status="PASS" starttime="20221010 11:42:51.258" endtime="20221010 11:42:51.714"/>
</kw>
<status status="PASS" starttime="20221010 11:42:51.257" endtime="20221010 11:42:51.714"/>
</kw>
<kw name="verify error message is correct">
<kw name="Get Text" library="SeleniumLibrary">
<var>${result}</var>
<arg>${Error_Message_Login}</arg>
<doc>Returns the text value of the element identified by ``locator``.</doc>
<msg timestamp="20221010 11:42:51.727" level="INFO">${result} = Your username or password was incorrect.</msg>
<status status="PASS" starttime="20221010 11:42:51.715" endtime="20221010 11:42:51.727"/>
</kw>
<kw name="Should Be Equal As Strings" library="BuiltIn">
<arg>${result}</arg>
<arg>Your username or password was incorrect.</arg>
<doc>Fails if objects are unequal after converting them to strings.</doc>
<status status="PASS" starttime="20221010 11:42:51.727" endtime="20221010 11:42:51.727"/>
</kw>
<kw name="Element Text Should Be" library="SeleniumLibrary">
<arg>${Error_Message_Login}</arg>
<arg>Your username or password was incorrect.</arg>
<doc>Verifies that element ``locator`` contains exact the text ``expected``.</doc>
<msg timestamp="20221010 11:42:51.727" level="INFO">Verifying element 'css:.css-gjfxul' contains exact text 'Your username or password was incorrect.'.</msg>
<status status="PASS" starttime="20221010 11:42:51.727" endtime="20221010 11:42:51.736"/>
</kw>
<status status="PASS" starttime="20221010 11:42:51.714" endtime="20221010 11:42:51.736"/>
</kw>
<kw name="Close Browser session" library="resource" type="TEARDOWN">
<kw name="Close Browser" library="SeleniumLibrary">
<doc>Closes the current browser.</doc>
<status status="PASS" starttime="20221010 11:42:51.736" endtime="20221010 11:42:53.837"/>
</kw>
<status status="PASS" starttime="20221010 11:42:51.736" endtime="20221010 11:42:53.837"/>
</kw>
<status status="PASS" starttime="20221010 11:42:47.106" endtime="20221010 11:42:53.837"/>
</test>
<test id="s1-t3" name="Validate Coffee Makers List" line="25">
<kw name="open the browser with Keurig url" library="resource" type="SETUP">
<kw name="Create Webdriver" library="SeleniumLibrary">
<arg>Chrome</arg>
<arg>executable_path=C:\\Users\\danicola\\PycharmProjects\\pythonProject2\\chromedriver.exe</arg>
<doc>Creates an instance of Selenium WebDriver.</doc>
<msg timestamp="20221010 11:42:53.837" level="INFO">Creating an instance of the Chrome WebDriver.</msg>
<status status="PASS" starttime="20221010 11:42:53.837" endtime="20221010 11:42:54.988"/>
</kw>
<kw name="Go To" library="SeleniumLibrary">
<arg>${url}</arg>
<doc>Navigates the current browser window to the provided ``url``.</doc>
<msg timestamp="20221010 11:42:54.988" level="INFO">Opening url 'https://www.keurig.com/'</msg>
<status status="PASS" starttime="20221010 11:42:54.988" endtime="20221010 11:42:56.082"/>
</kw>
<status status="PASS" starttime="20221010 11:42:53.837" endtime="20221010 11:42:56.082"/>
</kw>
<kw name="wait until the coupon SignUpCoupon show">
<kw name="Wait Until Element Is Visible" library="SeleniumLibrary">
<arg>${Coupon_Wait}</arg>
<arg>7</arg>
<doc>Waits until the element ``locator`` is visible.</doc>
<status status="PASS" starttime="20221010 11:42:56.083" endtime="20221010 11:43:01.807"/>
</kw>
<status status="PASS" starttime="20221010 11:42:56.082" endtime="20221010 11:43:01.807"/>
</kw>
<kw name="close the Thank You SignUpCoupon">
<kw name="Click Element" library="SeleniumLibrary">
<arg>id:_tealiumModalClose</arg>
<doc>Click the element identified by ``locator``.</doc>
<msg timestamp="20221010 11:43:01.807" level="INFO">Clicking element 'id:_tealiumModalClose'.</msg>
<status status="PASS" starttime="20221010 11:43:01.807" endtime="20221010 11:43:01.887"/>
</kw>
<status status="PASS" starttime="20221010 11:43:01.807" endtime="20221010 11:43:01.887"/>
</kw>
<kw name="Select the Coffee Makers button">
<kw name="Click Element" library="SeleniumLibrary">
<arg>css:.oz-linkWrapper</arg>
<doc>Click the element identified by ``locator``.</doc>
<msg timestamp="20221010 11:43:01.888" level="INFO">Clicking element 'css:.oz-linkWrapper'.</msg>
<status status="PASS" starttime="20221010 11:43:01.887" endtime="20221010 11:43:03.407"/>
</kw>
<status status="PASS" starttime="20221010 11:43:01.887" endtime="20221010 11:43:03.407"/>
</kw>
<kw name="Verify New Shop Coffee makers">
<kw name="Create List" library="BuiltIn">
<arg>K-Café® SMART Single Serve Coffee Maker</arg>
<arg>K-Supreme Plus® SMART Single Serve Coffee Maker</arg>
<arg>K-Supreme® SMART Single Serve Coffee Maker</arg>
<doc>Returns a list containing given items.</doc>
<status status="PASS" starttime="20221010 11:43:03.408" endtime="20221010 11:43:03.408"/>
</kw>
<kw name="Get WebElements" library="SeleniumLibrary">
<arg>css:.brew-name</arg>
<doc>Returns a list of WebElement objects matching the ``locator``.</doc>
<status status="PASS" starttime="20221010 11:43:03.408" endtime="20221010 11:43:03.420"/>
</kw>
<status status="PASS" starttime="20221010 11:43:03.407" endtime="20221010 11:43:03.420"/>
</kw>
<kw name="Close Browser session" library="resource" type="TEARDOWN">
<kw name="Close Browser" library="SeleniumLibrary">
<doc>Closes the current browser.</doc>
<status status="PASS" starttime="20221010 11:43:03.421" endtime="20221010 11:43:05.560"/>
</kw>
<status status="PASS" starttime="20221010 11:43:03.421" endtime="20221010 11:43:05.560"/>
</kw>
<status status="PASS" starttime="20221010 11:42:53.837" endtime="20221010 11:43:05.560"/>
</test>
<doc>To validate the login form</doc>
<status status="PASS" starttime="20221010 11:42:36.631" endtime="20221010 11:43:05.560"/>
</suite>
<statistics>
<total>
<stat pass="3" fail="0" skip="0">All Tests</stat>
</total>
<tag>
</tag>
<suite>
<stat pass="3" fail="0" skip="0" id="s1" name="testDemo2">testDemo2</stat>
</suite>
</statistics>
<errors>
</errors>
</robot>
